# JRE version: OpenJDK Runtime Environment (11.0.10) (build 11.0.10+0-b96-7249189)
# Java VM: OpenJDK 64-Bit Server VM (11.0.10+0-b96-7249189, mixed mode, tiered, compressed oops, g1 gc, windows-amd64)
Heap:
 garbage-first heap   total 284672K, used 171996K [0x0000000080000000, 0x0000000100000000)
  region size 1024K, 3 young (3072K), 3 survivors (3072K)
 Metaspace       used 115673K, capacity 119054K, committed 119372K, reserved 1153024K
  class space    used 14617K, capacity 15878K, committed 16000K, reserved 1048576K
GC Heap History (20 events):
Event: 810.221 GC heap after
{Heap after GC invocations=33 (full 0):
 garbage-first heap   total 236544K, used 146774K [0x0000000080000000, 0x0000000100000000)
  region size 1024K, 5 young (5120K), 5 survivors (5120K)
 Metaspace       used 113559K, capacity 116786K, committed 116812K, reserved 1150976K
  class space    used 14485K, capacity 15740K, committed 15744K, reserved 1048576K
}
Event: 810.279 GC heap before
{Heap before GC invocations=33 (full 0):
 garbage-first heap   total 236544K, used 153942K [0x0000000080000000, 0x0000000100000000)
  region size 1024K, 11 young (11264K), 5 survivors (5120K)
 Metaspace       used 113563K, capacity 116786K, committed 116812K, reserved 1150976K
  class space    used 14485K, capacity 15740K, committed 15744K, reserved 1048576K
}
Event: 810.294 GC heap after
{Heap after GC invocations=34 (full 0):
 garbage-first heap   total 236544K, used 140400K [0x0000000080000000, 0x0000000100000000)
  region size 1024K, 1 young (1024K), 1 survivors (1024K)
 Metaspace       used 113563K, capacity 116786K, committed 116812K, reserved 1150976K
  class space    used 14485K, capacity 15740K, committed 15744K, reserved 1048576K
}
Event: 810.318 GC heap before
{Heap before GC invocations=34 (full 0):
 garbage-first heap   total 236544K, used 142448K [0x0000000080000000, 0x0000000100000000)
  region size 1024K, 4 young (4096K), 1 survivors (1024K)
 Metaspace       used 113566K, capacity 116786K, committed 116812K, reserved 1150976K
  class space    used 14485K, capacity 15740K, committed 15744K, reserved 1048576K
}
Event: 810.322 GC heap after
{Heap after GC invocations=35 (full 0):
 garbage-first heap   total 236544K, used 140847K [0x0000000080000000, 0x0000000100000000)
  region size 1024K, 2 young (2048K), 2 survivors (2048K)
 Metaspace       used 113566K, capacity 116786K, committed 116812K, reserved 1150976K
  class space    used 14485K, capacity 15740K, committed 15744K, reserved 1048576K
}
Event: 810.917 GC heap before
{Heap before GC invocations=36 (full 0):
 garbage-first heap   total 236544K, used 180783K [0x0000000080000000, 0x0000000100000000)
  region size 1024K, 39 young (39936K), 2 survivors (2048K)
 Metaspace       used 113595K, capacity 116805K, committed 116940K, reserved 1150976K
  class space    used 14487K, capacity 15745K, committed 15872K, reserved 1048576K
}
Event: 810.929 GC heap after
{Heap after GC invocations=37 (full 0):
 garbage-first heap   total 236544K, used 149332K [0x0000000080000000, 0x0000000100000000)
  region size 1024K, 5 young (5120K), 5 survivors (5120K)
 Metaspace       used 113595K, capacity 116805K, committed 116940K, reserved 1150976K
  class space    used 14487K, capacity 15745K, committed 15872K, reserved 1048576K
}
Event: 810.989 GC heap before
{Heap before GC invocations=37 (full 0):
 garbage-first heap   total 236544K, used 156500K [0x0000000080000000, 0x0000000100000000)
  region size 1024K, 11 young (11264K), 5 survivors (5120K)
 Metaspace       used 113603K, capacity 116807K, committed 116940K, reserved 1150976K
  class space    used 14487K, capacity 15745K, committed 15872K, reserved 1048576K
}
Event: 811.002 GC heap after
{Heap after GC invocations=38 (full 0):
 garbage-first heap   total 236544K, used 149056K [0x0000000080000000, 0x0000000100000000)
  region size 1024K, 2 young (2048K), 2 survivors (2048K)
 Metaspace       used 113603K, capacity 116807K, committed 116940K, reserved 1150976K
  class space    used 14487K, capacity 15745K, committed 15872K, reserved 1048576K
}
Event: 811.108 GC heap before
{Heap before GC invocations=38 (full 0):
 garbage-first heap   total 236544K, used 191040K [0x0000000080000000, 0x0000000100000000)
  region size 1024K, 37 young (37888K), 2 survivors (2048K)
 Metaspace       used 113675K, capacity 116897K, committed 117196K, reserved 1150976K
  class space    used 14487K, capacity 15745K, committed 15872K, reserved 1048576K
}
Event: 811.117 GC heap after
{Heap after GC invocations=39 (full 0):
 garbage-first heap   total 236544K, used 162580K [0x0000000080000000, 0x0000000100000000)
  region size 1024K, 5 young (5120K), 5 survivors (5120K)
 Metaspace       used 113675K, capacity 116897K, committed 117196K, reserved 1150976K
  class space    used 14487K, capacity 15745K, committed 15872K, reserved 1048576K
}
Event: 811.551 GC heap before
{Heap before GC invocations=40 (full 0):
 garbage-first heap   total 236544K, used 191252K [0x0000000080000000, 0x0000000100000000)
  region size 1024K, 34 young (34816K), 5 survivors (5120K)
 Metaspace       used 113744K, capacity 116968K, committed 117196K, reserved 1150976K
  class space    used 14487K, capacity 15745K, committed 15872K, reserved 1048576K
}
Event: 811.555 GC heap after
{Heap after GC invocations=41 (full 0):
 garbage-first heap   total 236544K, used 160071K [0x0000000080000000, 0x0000000100000000)
  region size 1024K, 2 young (2048K), 2 survivors (2048K)
 Metaspace       used 113744K, capacity 116968K, committed 117196K, reserved 1150976K
  class space    used 14487K, capacity 15745K, committed 15872K, reserved 1048576K
}
Event: 812.395 GC heap before
{Heap before GC invocations=41 (full 0):
 garbage-first heap   total 236544K, used 168263K [0x0000000080000000, 0x0000000100000000)
  region size 1024K, 11 young (11264K), 2 survivors (2048K)
 Metaspace       used 114262K, capacity 117562K, committed 117708K, reserved 1150976K
  class space    used 14547K, capacity 15815K, committed 15872K, reserved 1048576K
}
Event: 812.400 GC heap after
{Heap after GC invocations=42 (full 0):
 garbage-first heap   total 236544K, used 159827K [0x0000000080000000, 0x0000000100000000)
  region size 1024K, 2 young (2048K), 2 survivors (2048K)
 Metaspace       used 114262K, capacity 117562K, committed 117708K, reserved 1150976K
  class space    used 14547K, capacity 15815K, committed 15872K, reserved 1048576K
}
Event: 812.797 GC heap before
{Heap before GC invocations=42 (full 0):
 garbage-first heap   total 236544K, used 191571K [0x0000000080000000, 0x0000000100000000)
  region size 1024K, 34 young (34816K), 2 survivors (2048K)
 Metaspace       used 114513K, capacity 117754K, committed 117964K, reserved 1150976K
  class space    used 14564K, capacity 15815K, committed 15872K, reserved 1048576K
}
Event: 812.802 GC heap after
{Heap after GC invocations=43 (full 0):
 garbage-first heap   total 236544K, used 161331K [0x0000000080000000, 0x0000000100000000)
  region size 1024K, 4 young (4096K), 4 survivors (4096K)
 Metaspace       used 114513K, capacity 117754K, committed 117964K, reserved 1150976K
  class space    used 14564K, capacity 15815K, committed 15872K, reserved 1048576K
}
Event: 814.060 GC heap before
{Heap before GC invocations=43 (full 0):
 garbage-first heap   total 236544K, used 195123K [0x0000000080000000, 0x0000000100000000)
  region size 1024K, 36 young (36864K), 4 survivors (4096K)
 Metaspace       used 114880K, capacity 118130K, committed 118220K, reserved 1150976K
  class space    used 14584K, capacity 15833K, committed 15872K, reserved 1048576K
}
Event: 814.078 GC heap after
{Heap after GC invocations=44 (full 0):
 garbage-first heap   total 236544K, used 171579K [0x0000000080000000, 0x0000000100000000)
  region size 1024K, 5 young (5120K), 5 survivors (5120K)
 Metaspace       used 114880K, capacity 118130K, committed 118220K, reserved 1150976K
  class space    used 14584K, capacity 15833K, committed 15872K, reserved 1048576K
}
Event: 816.295 GC heap before
{Heap before GC invocations=44 (full 0):
 garbage-first heap   total 236544K, used 200251K [0x0000000080000000, 0x0000000100000000)
  region size 1024K, 30 young (30720K), 5 survivors (5120K)
 Metaspace       used 115673K, capacity 119054K, committed 119372K, reserved 1153024K
  class space    used 14617K, capacity 15878K, committed 16000K, reserved 1048576K
}

